Determining if the pthread_create exist failed with the following output:
Change Dir: /home/vishnu/catkin_ws/src/ros_multi_agent_planning/cmake-build-debug/CMakeFiles/CMakeTmp

Run Build Command(s):/usr/bin/make cmTC_4c48e/fast 
/usr/bin/make -f CMakeFiles/cmTC_4c48e.dir/build.make CMakeFiles/cmTC_4c48e.dir/build
make[1]: Entering directory '/home/vishnu/catkin_ws/src/ros_multi_agent_planning/cmake-build-debug/CMakeFiles/CMakeTmp'
Building C object CMakeFiles/cmTC_4c48e.dir/CheckSymbolExists.c.o
/usr/bin/cc    -o CMakeFiles/cmTC_4c48e.dir/CheckSymbolExists.c.o   -c /home/vishnu/catkin_ws/src/ros_multi_agent_planning/cmake-build-debug/CMakeFiles/CMakeTmp/CheckSymbolExists.c
Linking C executable cmTC_4c48e
/home/vishnu/.local/share/JetBrains/Toolbox/apps/CLion/ch-0/192.6603.37/bin/cmake/linux/bin/cmake -E cmake_link_script CMakeFiles/cmTC_4c48e.dir/link.txt --verbose=1
/usr/bin/cc      -rdynamic CMakeFiles/cmTC_4c48e.dir/CheckSymbolExists.c.o  -o cmTC_4c48e 
CMakeFiles/cmTC_4c48e.dir/CheckSymbolExists.c.o: In function `main':
CheckSymbolExists.c:(.text+0x16): undefined reference to `pthread_create'
collect2: error: ld returned 1 exit status
CMakeFiles/cmTC_4c48e.dir/build.make:86: recipe for target 'cmTC_4c48e' failed
make[1]: *** [cmTC_4c48e] Error 1
make[1]: Leaving directory '/home/vishnu/catkin_ws/src/ros_multi_agent_planning/cmake-build-debug/CMakeFiles/CMakeTmp'
Makefile:121: recipe for target 'cmTC_4c48e/fast' failed
make: *** [cmTC_4c48e/fast] Error 2

File /home/vishnu/catkin_ws/src/ros_multi_agent_planning/cmake-build-debug/CMakeFiles/CMakeTmp/CheckSymbolExists.c:
/* */
#include <pthread.h>

int main(int argc, char** argv)
{
  (void)argv;
#ifndef pthread_create
  return ((int*)(&pthread_create))[argc];
#else
  (void)argc;
  return 0;
#endif
}

Determining if the function pthread_create exists in the pthreads failed with the following output:
Change Dir: /home/vishnu/catkin_ws/src/ros_multi_agent_planning/cmake-build-debug/CMakeFiles/CMakeTmp

Run Build Command(s):/usr/bin/make cmTC_3da93/fast 
/usr/bin/make -f CMakeFiles/cmTC_3da93.dir/build.make CMakeFiles/cmTC_3da93.dir/build
make[1]: Entering directory '/home/vishnu/catkin_ws/src/ros_multi_agent_planning/cmake-build-debug/CMakeFiles/CMakeTmp'
Building C object CMakeFiles/cmTC_3da93.dir/CheckFunctionExists.c.o
/usr/bin/cc   -DCHECK_FUNCTION_EXISTS=pthread_create   -o CMakeFiles/cmTC_3da93.dir/CheckFunctionExists.c.o   -c /home/vishnu/.local/share/JetBrains/Toolbox/apps/CLion/ch-0/192.6603.37/bin/cmake/linux/share/cmake-3.14/Modules/CheckFunctionExists.c
Linking C executable cmTC_3da93
/home/vishnu/.local/share/JetBrains/Toolbox/apps/CLion/ch-0/192.6603.37/bin/cmake/linux/bin/cmake -E cmake_link_script CMakeFiles/cmTC_3da93.dir/link.txt --verbose=1
/usr/bin/cc  -DCHECK_FUNCTION_EXISTS=pthread_create    -rdynamic CMakeFiles/cmTC_3da93.dir/CheckFunctionExists.c.o  -o cmTC_3da93 -lpthreads 
/usr/bin/ld: cannot find -lpthreads
collect2: error: ld returned 1 exit status
CMakeFiles/cmTC_3da93.dir/build.make:86: recipe for target 'cmTC_3da93' failed
make[1]: *** [cmTC_3da93] Error 1
make[1]: Leaving directory '/home/vishnu/catkin_ws/src/ros_multi_agent_planning/cmake-build-debug/CMakeFiles/CMakeTmp'
Makefile:121: recipe for target 'cmTC_3da93/fast' failed
make: *** [cmTC_3da93/fast] Error 2


